Analysis & Synthesis report for traffic_light
Fri Jul 23 20:17:04 2021
Quartus Prime Version 18.1.0 Build 625 09/12/2018 SJ Standard Edition


---------------------
; Table of Contents ;
---------------------
  1. Legal Notice
  2. Analysis & Synthesis Summary
  3. Analysis & Synthesis Settings
  4. Parallel Compilation
  5. Analysis & Synthesis Source Files Read
  6. Analysis & Synthesis Resource Usage Summary
  7. Analysis & Synthesis Resource Utilization by Entity
  8. State Machine - |traffic_light|state
  9. State Machine - |traffic_light|IntervalTimer:IntervalTimer_inst|state
 10. Logic Cells Representing Combinational Loops
 11. Registers Removed During Synthesis
 12. General Register Statistics
 13. Parameter Settings for User Entity Instance: Top-level Entity: |traffic_light
 14. Parameter Settings for User Entity Instance: IntervalTimer:IntervalTimer_inst
 15. Parameter Settings for User Entity Instance: IntervalTimer:IntervalTimer_inst|TrafficLightCounter:TrafficLightCounter_inst
 16. Port Connectivity Checks: "IntervalTimer:IntervalTimer_inst|TrafficLightCounter:TrafficLightCounter_inst|HAS:HAS_inst[10]"
 17. Port Connectivity Checks: "IntervalTimer:IntervalTimer_inst|TrafficLightCounter:TrafficLightCounter_inst"
 18. Port Connectivity Checks: "IntervalTimer:IntervalTimer_inst|TimeSrc:TimeSrc_inst"
 19. Post-Synthesis Netlist Statistics for Top Partition
 20. Elapsed Time Per Partition
 21. Analysis & Synthesis Messages



----------------
; Legal Notice ;
----------------
Copyright (C) 2018  Intel Corporation. All rights reserved.
Your use of Intel Corporation's design tools, logic functions 
and other software and tools, and its AMPP partner logic 
functions, and any output files from any of the foregoing 
(including device programming or simulation files), and any 
associated documentation or information are expressly subject 
to the terms and conditions of the Intel Program License 
Subscription Agreement, the Intel Quartus Prime License Agreement,
the Intel FPGA IP License Agreement, or other applicable license
agreement, including, without limitation, that your use is for
the sole purpose of programming logic devices manufactured by
Intel and sold by Intel or its authorized distributors.  Please
refer to the applicable agreement for further details.



+-----------------------------------------------------------------------------------+
; Analysis & Synthesis Summary                                                      ;
+---------------------------------+-------------------------------------------------+
; Analysis & Synthesis Status     ; Successful - Fri Jul 23 20:17:04 2021           ;
; Quartus Prime Version           ; 18.1.0 Build 625 09/12/2018 SJ Standard Edition ;
; Revision Name                   ; traffic_light                                   ;
; Top-level Entity Name           ; traffic_light                                   ;
; Family                          ; Cyclone V                                       ;
; Logic utilization (in ALMs)     ; N/A                                             ;
; Total registers                 ; 10                                              ;
; Total pins                      ; 24                                              ;
; Total virtual pins              ; 0                                               ;
; Total block memory bits         ; 0                                               ;
; Total DSP Blocks                ; 0                                               ;
; Total HSSI RX PCSs              ; 0                                               ;
; Total HSSI PMA RX Deserializers ; 0                                               ;
; Total HSSI TX PCSs              ; 0                                               ;
; Total HSSI PMA TX Serializers   ; 0                                               ;
; Total PLLs                      ; 0                                               ;
; Total DLLs                      ; 0                                               ;
+---------------------------------+-------------------------------------------------+


+---------------------------------------------------------------------------------------------------------------------------+
; Analysis & Synthesis Settings                                                                                             ;
+---------------------------------------------------------------------------------+--------------------+--------------------+
; Option                                                                          ; Setting            ; Default Value      ;
+---------------------------------------------------------------------------------+--------------------+--------------------+
; Device                                                                          ; 5CGXFC7C7F23C8     ;                    ;
; Top-level entity name                                                           ; traffic_light      ; traffic_light      ;
; Family name                                                                     ; Cyclone V          ; Cyclone V          ;
; Use smart compilation                                                           ; Off                ; Off                ;
; Enable parallel Assembler and Timing Analyzer during compilation                ; On                 ; On                 ;
; Enable compact report table                                                     ; Off                ; Off                ;
; Restructure Multiplexers                                                        ; Auto               ; Auto               ;
; MLAB Add Timing Constraints For Mixed-Port Feed-Through Mode Setting Don't Care ; Off                ; Off                ;
; Create Debugging Nodes for IP Cores                                             ; Off                ; Off                ;
; Preserve fewer node names                                                       ; On                 ; On                 ;
; Intel FPGA IP Evaluation Mode                                                   ; Enable             ; Enable             ;
; Verilog Version                                                                 ; Verilog_2001       ; Verilog_2001       ;
; VHDL Version                                                                    ; VHDL_1993          ; VHDL_1993          ;
; State Machine Processing                                                        ; Auto               ; Auto               ;
; Safe State Machine                                                              ; Off                ; Off                ;
; Extract Verilog State Machines                                                  ; On                 ; On                 ;
; Extract VHDL State Machines                                                     ; On                 ; On                 ;
; Ignore Verilog initial constructs                                               ; Off                ; Off                ;
; Iteration limit for constant Verilog loops                                      ; 5000               ; 5000               ;
; Iteration limit for non-constant Verilog loops                                  ; 250                ; 250                ;
; Add Pass-Through Logic to Inferred RAMs                                         ; On                 ; On                 ;
; Infer RAMs from Raw Logic                                                       ; On                 ; On                 ;
; Parallel Synthesis                                                              ; On                 ; On                 ;
; DSP Block Balancing                                                             ; Auto               ; Auto               ;
; NOT Gate Push-Back                                                              ; On                 ; On                 ;
; Power-Up Don't Care                                                             ; On                 ; On                 ;
; Remove Redundant Logic Cells                                                    ; Off                ; Off                ;
; Remove Duplicate Registers                                                      ; On                 ; On                 ;
; Ignore CARRY Buffers                                                            ; Off                ; Off                ;
; Ignore CASCADE Buffers                                                          ; Off                ; Off                ;
; Ignore GLOBAL Buffers                                                           ; Off                ; Off                ;
; Ignore ROW GLOBAL Buffers                                                       ; Off                ; Off                ;
; Ignore LCELL Buffers                                                            ; Off                ; Off                ;
; Ignore SOFT Buffers                                                             ; On                 ; On                 ;
; Limit AHDL Integers to 32 Bits                                                  ; Off                ; Off                ;
; Optimization Technique                                                          ; Balanced           ; Balanced           ;
; Carry Chain Length                                                              ; 70                 ; 70                 ;
; Auto Carry Chains                                                               ; On                 ; On                 ;
; Auto Open-Drain Pins                                                            ; On                 ; On                 ;
; Perform WYSIWYG Primitive Resynthesis                                           ; Off                ; Off                ;
; Auto ROM Replacement                                                            ; On                 ; On                 ;
; Auto RAM Replacement                                                            ; On                 ; On                 ;
; Auto DSP Block Replacement                                                      ; On                 ; On                 ;
; Auto Shift Register Replacement                                                 ; Auto               ; Auto               ;
; Allow Shift Register Merging across Hierarchies                                 ; Auto               ; Auto               ;
; Auto Clock Enable Replacement                                                   ; On                 ; On                 ;
; Strict RAM Replacement                                                          ; Off                ; Off                ;
; Allow Synchronous Control Signals                                               ; On                 ; On                 ;
; Force Use of Synchronous Clear Signals                                          ; Off                ; Off                ;
; Auto Resource Sharing                                                           ; Off                ; Off                ;
; Allow Any RAM Size For Recognition                                              ; Off                ; Off                ;
; Allow Any ROM Size For Recognition                                              ; Off                ; Off                ;
; Allow Any Shift Register Size For Recognition                                   ; Off                ; Off                ;
; Use LogicLock Constraints during Resource Balancing                             ; On                 ; On                 ;
; Ignore translate_off and synthesis_off directives                               ; Off                ; Off                ;
; Timing-Driven Synthesis                                                         ; On                 ; On                 ;
; Report Parameter Settings                                                       ; On                 ; On                 ;
; Report Source Assignments                                                       ; On                 ; On                 ;
; Report Connectivity Checks                                                      ; On                 ; On                 ;
; Ignore Maximum Fan-Out Assignments                                              ; Off                ; Off                ;
; Synchronization Register Chain Length                                           ; 3                  ; 3                  ;
; Power Optimization During Synthesis                                             ; Normal compilation ; Normal compilation ;
; HDL message level                                                               ; Level2             ; Level2             ;
; Suppress Register Optimization Related Messages                                 ; Off                ; Off                ;
; Number of Removed Registers Reported in Synthesis Report                        ; 5000               ; 5000               ;
; Number of Swept Nodes Reported in Synthesis Report                              ; 5000               ; 5000               ;
; Number of Inverted Registers Reported in Synthesis Report                       ; 100                ; 100                ;
; Clock MUX Protection                                                            ; On                 ; On                 ;
; Auto Gated Clock Conversion                                                     ; Off                ; Off                ;
; Block Design Naming                                                             ; Auto               ; Auto               ;
; SDC constraint protection                                                       ; Off                ; Off                ;
; Synthesis Effort                                                                ; Auto               ; Auto               ;
; Shift Register Replacement - Allow Asynchronous Clear Signal                    ; On                 ; On                 ;
; Pre-Mapping Resynthesis Optimization                                            ; Off                ; Off                ;
; Analysis & Synthesis Message Level                                              ; Medium             ; Medium             ;
; Disable Register Merging Across Hierarchies                                     ; Auto               ; Auto               ;
; Resource Aware Inference For Block RAM                                          ; On                 ; On                 ;
; Automatic Parallel Synthesis                                                    ; On                 ; On                 ;
; Partial Reconfiguration Bitstream ID                                            ; Off                ; Off                ;
+---------------------------------------------------------------------------------+--------------------+--------------------+


+------------------------------------------+
; Parallel Compilation                     ;
+----------------------------+-------------+
; Processors                 ; Number      ;
+----------------------------+-------------+
; Number detected on machine ; 12          ;
; Maximum allowed            ; 12          ;
;                            ;             ;
; Average used               ; 1.00        ;
; Maximum used               ; 12          ;
;                            ;             ;
; Usage by Processor         ; % Time Used ;
;     Processor 1            ; 100.0%      ;
;     Processor 2            ;   0.0%      ;
;     Processors 3-12        ;   0.0%      ;
+----------------------------+-------------+


+----------------------------------------------------------------------------------------------------------------------------------------------------------+
; Analysis & Synthesis Source Files Read                                                                                                                   ;
+----------------------------------+-----------------+------------------------+------------------------------------------------------------------+---------+
; File Name with User-Entered Path ; Used in Netlist ; File Type              ; File Name with Absolute Path                                     ; Library ;
+----------------------------------+-----------------+------------------------+------------------------------------------------------------------+---------+
; ../TrafficLightCounter.v         ; yes             ; User Verilog HDL File  ; /home/datnt/DATA/Traffic_Light_verilog/src/TrafficLightCounter.v ;         ;
; ../traffic_light.v               ; yes             ; User Verilog HDL File  ; /home/datnt/DATA/Traffic_Light_verilog/src/traffic_light.v       ;         ;
; ../TimeSrc.v                     ; yes             ; User Verilog HDL File  ; /home/datnt/DATA/Traffic_Light_verilog/src/TimeSrc.v             ;         ;
; ../mux2_1.v                      ; yes             ; User Verilog HDL File  ; /home/datnt/DATA/Traffic_Light_verilog/src/mux2_1.v              ;         ;
; ../IntervalTimer.v               ; yes             ; User Verilog HDL File  ; /home/datnt/DATA/Traffic_Light_verilog/src/IntervalTimer.v       ;         ;
; ../HAS.v                         ; yes             ; User Verilog HDL File  ; /home/datnt/DATA/Traffic_Light_verilog/src/HAS.v                 ;         ;
; ../D_ff.v                        ; yes             ; User Verilog HDL File  ; /home/datnt/DATA/Traffic_Light_verilog/src/D_ff.v                ;         ;
+----------------------------------+-----------------+------------------------+------------------------------------------------------------------+---------+


+---------------------------------------------------------+
; Analysis & Synthesis Resource Usage Summary             ;
+---------------------------------------------+-----------+
; Resource                                    ; Usage     ;
+---------------------------------------------+-----------+
; Estimate of Logic utilization (ALMs needed) ; 35        ;
;                                             ;           ;
; Combinational ALUT usage for logic          ; 64        ;
;     -- 7 input functions                    ; 0         ;
;     -- 6 input functions                    ; 5         ;
;     -- 5 input functions                    ; 17        ;
;     -- 4 input functions                    ; 14        ;
;     -- <=3 input functions                  ; 28        ;
;                                             ;           ;
; Dedicated logic registers                   ; 10        ;
;                                             ;           ;
; I/O pins                                    ; 24        ;
;                                             ;           ;
; Total DSP Blocks                            ; 0         ;
;                                             ;           ;
; Maximum fan-out node                        ; clk~input ;
; Maximum fan-out                             ; 43        ;
; Total fan-out                               ; 329       ;
; Average fan-out                             ; 2.70      ;
+---------------------------------------------+-----------+


+----------------------------------------------------------------------------------------------------------------------------------------------------------------------------------------------------------------------------------------------------------------------------------------------------------------------+
; Analysis & Synthesis Resource Utilization by Entity                                                                                                                                                                                                                                                                  ;
+------------------------------------------------------+---------------------+---------------------------+-------------------+------------+------+--------------+-----------------------------------------------------------------------------------------------------------------+---------------------+--------------+
; Compilation Hierarchy Node                           ; Combinational ALUTs ; Dedicated Logic Registers ; Block Memory Bits ; DSP Blocks ; Pins ; Virtual Pins ; Full Hierarchy Name                                                                                             ; Entity Name         ; Library Name ;
+------------------------------------------------------+---------------------+---------------------------+-------------------+------------+------+--------------+-----------------------------------------------------------------------------------------------------------------+---------------------+--------------+
; |traffic_light                                       ; 64 (9)              ; 10 (5)                    ; 0                 ; 0          ; 24   ; 0            ; |traffic_light                                                                                                  ; traffic_light       ; work         ;
;    |IntervalTimer:IntervalTimer_inst|                ; 55 (4)              ; 5 (5)                     ; 0                 ; 0          ; 0    ; 0            ; |traffic_light|IntervalTimer:IntervalTimer_inst                                                                 ; IntervalTimer       ; work         ;
;       |TrafficLightCounter:TrafficLightCounter_inst| ; 51 (5)              ; 0 (0)                     ; 0                 ; 0          ; 0    ; 0            ; |traffic_light|IntervalTimer:IntervalTimer_inst|TrafficLightCounter:TrafficLightCounter_inst                    ; TrafficLightCounter ; work         ;
;          |D_ff:D_ff_inst[0]|                         ; 4 (4)               ; 0 (0)                     ; 0                 ; 0          ; 0    ; 0            ; |traffic_light|IntervalTimer:IntervalTimer_inst|TrafficLightCounter:TrafficLightCounter_inst|D_ff:D_ff_inst[0]  ; D_ff                ; work         ;
;          |D_ff:D_ff_inst[10]|                        ; 4 (4)               ; 0 (0)                     ; 0                 ; 0          ; 0    ; 0            ; |traffic_light|IntervalTimer:IntervalTimer_inst|TrafficLightCounter:TrafficLightCounter_inst|D_ff:D_ff_inst[10] ; D_ff                ; work         ;
;          |D_ff:D_ff_inst[1]|                         ; 4 (4)               ; 0 (0)                     ; 0                 ; 0          ; 0    ; 0            ; |traffic_light|IntervalTimer:IntervalTimer_inst|TrafficLightCounter:TrafficLightCounter_inst|D_ff:D_ff_inst[1]  ; D_ff                ; work         ;
;          |D_ff:D_ff_inst[2]|                         ; 4 (4)               ; 0 (0)                     ; 0                 ; 0          ; 0    ; 0            ; |traffic_light|IntervalTimer:IntervalTimer_inst|TrafficLightCounter:TrafficLightCounter_inst|D_ff:D_ff_inst[2]  ; D_ff                ; work         ;
;          |D_ff:D_ff_inst[3]|                         ; 4 (4)               ; 0 (0)                     ; 0                 ; 0          ; 0    ; 0            ; |traffic_light|IntervalTimer:IntervalTimer_inst|TrafficLightCounter:TrafficLightCounter_inst|D_ff:D_ff_inst[3]  ; D_ff                ; work         ;
;          |D_ff:D_ff_inst[4]|                         ; 4 (4)               ; 0 (0)                     ; 0                 ; 0          ; 0    ; 0            ; |traffic_light|IntervalTimer:IntervalTimer_inst|TrafficLightCounter:TrafficLightCounter_inst|D_ff:D_ff_inst[4]  ; D_ff                ; work         ;
;          |D_ff:D_ff_inst[5]|                         ; 4 (4)               ; 0 (0)                     ; 0                 ; 0          ; 0    ; 0            ; |traffic_light|IntervalTimer:IntervalTimer_inst|TrafficLightCounter:TrafficLightCounter_inst|D_ff:D_ff_inst[5]  ; D_ff                ; work         ;
;          |D_ff:D_ff_inst[6]|                         ; 4 (4)               ; 0 (0)                     ; 0                 ; 0          ; 0    ; 0            ; |traffic_light|IntervalTimer:IntervalTimer_inst|TrafficLightCounter:TrafficLightCounter_inst|D_ff:D_ff_inst[6]  ; D_ff                ; work         ;
;          |D_ff:D_ff_inst[7]|                         ; 4 (4)               ; 0 (0)                     ; 0                 ; 0          ; 0    ; 0            ; |traffic_light|IntervalTimer:IntervalTimer_inst|TrafficLightCounter:TrafficLightCounter_inst|D_ff:D_ff_inst[7]  ; D_ff                ; work         ;
;          |D_ff:D_ff_inst[8]|                         ; 4 (4)               ; 0 (0)                     ; 0                 ; 0          ; 0    ; 0            ; |traffic_light|IntervalTimer:IntervalTimer_inst|TrafficLightCounter:TrafficLightCounter_inst|D_ff:D_ff_inst[8]  ; D_ff                ; work         ;
;          |D_ff:D_ff_inst[9]|                         ; 4 (4)               ; 0 (0)                     ; 0                 ; 0          ; 0    ; 0            ; |traffic_light|IntervalTimer:IntervalTimer_inst|TrafficLightCounter:TrafficLightCounter_inst|D_ff:D_ff_inst[9]  ; D_ff                ; work         ;
;          |HAS:HAS_inst[2]|                           ; 1 (1)               ; 0 (0)                     ; 0                 ; 0          ; 0    ; 0            ; |traffic_light|IntervalTimer:IntervalTimer_inst|TrafficLightCounter:TrafficLightCounter_inst|HAS:HAS_inst[2]    ; HAS                 ; work         ;
;          |HAS:HAS_inst[3]|                           ; 1 (1)               ; 0 (0)                     ; 0                 ; 0          ; 0    ; 0            ; |traffic_light|IntervalTimer:IntervalTimer_inst|TrafficLightCounter:TrafficLightCounter_inst|HAS:HAS_inst[3]    ; HAS                 ; work         ;
+------------------------------------------------------+---------------------+---------------------------+-------------------+------------+------+--------------+-----------------------------------------------------------------------------------------------------------------+---------------------+--------------+
Note: For table entries with two numbers listed, the numbers in parentheses indicate the number of resources of the given type used by the specific entity alone. The numbers listed outside of parentheses indicate the total resources of the given type used by the specific entity and all of its sub-entities in the hierarchy.


Encoding Type:  One-Hot
+------------------------------------------------------+
; State Machine - |traffic_light|state                 ;
+----------+----------+----------+----------+----------+
; Name     ; state.S3 ; state.S2 ; state.S1 ; state.S0 ;
+----------+----------+----------+----------+----------+
; state.S0 ; 0        ; 0        ; 0        ; 0        ;
; state.S1 ; 0        ; 0        ; 1        ; 1        ;
; state.S2 ; 0        ; 1        ; 0        ; 1        ;
; state.S3 ; 1        ; 0        ; 0        ; 1        ;
+----------+----------+----------+----------+----------+


Encoding Type:  One-Hot
+-----------------------------------------------------------------------+
; State Machine - |traffic_light|IntervalTimer:IntervalTimer_inst|state ;
+----------+----------+----------+----------+----------+----------------+
; Name     ; state.S3 ; state.S2 ; state.S1 ; state.S0 ; state.S4       ;
+----------+----------+----------+----------+----------+----------------+
; state.S0 ; 0        ; 0        ; 0        ; 0        ; 0              ;
; state.S1 ; 0        ; 0        ; 1        ; 1        ; 0              ;
; state.S2 ; 0        ; 1        ; 0        ; 1        ; 0              ;
; state.S3 ; 1        ; 0        ; 0        ; 1        ; 0              ;
; state.S4 ; 0        ; 0        ; 0        ; 1        ; 1              ;
+----------+----------+----------+----------+----------+----------------+


+---------------------------------------------------------------------------------------------------------------+
; Logic Cells Representing Combinational Loops                                                                  ;
+----------------------------------------------------------------------------------------------------------+----+
; Logic Cell Name                                                                                          ;    ;
+----------------------------------------------------------------------------------------------------------+----+
; IntervalTimer:IntervalTimer_inst|TrafficLightCounter:TrafficLightCounter_inst|D_ff:D_ff_inst[0]|Qout~0   ;    ;
; IntervalTimer:IntervalTimer_inst|TrafficLightCounter:TrafficLightCounter_inst|D_ff:D_ff_inst[1]|Qout~0   ;    ;
; IntervalTimer:IntervalTimer_inst|TrafficLightCounter:TrafficLightCounter_inst|D_ff:D_ff_inst[2]|Qout~0   ;    ;
; IntervalTimer:IntervalTimer_inst|TrafficLightCounter:TrafficLightCounter_inst|D_ff:D_ff_inst[3]|Qout~0   ;    ;
; IntervalTimer:IntervalTimer_inst|TrafficLightCounter:TrafficLightCounter_inst|D_ff:D_ff_inst[4]|Qout~0   ;    ;
; IntervalTimer:IntervalTimer_inst|TrafficLightCounter:TrafficLightCounter_inst|D_ff:D_ff_inst[5]|Qout~0   ;    ;
; IntervalTimer:IntervalTimer_inst|TrafficLightCounter:TrafficLightCounter_inst|D_ff:D_ff_inst[6]|Qout~0   ;    ;
; IntervalTimer:IntervalTimer_inst|TrafficLightCounter:TrafficLightCounter_inst|D_ff:D_ff_inst[7]|Qout~0   ;    ;
; IntervalTimer:IntervalTimer_inst|TrafficLightCounter:TrafficLightCounter_inst|D_ff:D_ff_inst[8]|Qout~0   ;    ;
; IntervalTimer:IntervalTimer_inst|TrafficLightCounter:TrafficLightCounter_inst|D_ff:D_ff_inst[9]|Qout~0   ;    ;
; IntervalTimer:IntervalTimer_inst|TrafficLightCounter:TrafficLightCounter_inst|D_ff:D_ff_inst[10]|Qout~0  ;    ;
; IntervalTimer:IntervalTimer_inst|TrafficLightCounter:TrafficLightCounter_inst|D_ff:D_ff_inst[0]|nand0~0  ;    ;
; IntervalTimer:IntervalTimer_inst|TrafficLightCounter:TrafficLightCounter_inst|D_ff:D_ff_inst[0]|nand0~1  ;    ;
; IntervalTimer:IntervalTimer_inst|TrafficLightCounter:TrafficLightCounter_inst|D_ff:D_ff_inst[1]|nand0~0  ;    ;
; IntervalTimer:IntervalTimer_inst|TrafficLightCounter:TrafficLightCounter_inst|D_ff:D_ff_inst[1]|nand0~1  ;    ;
; IntervalTimer:IntervalTimer_inst|TrafficLightCounter:TrafficLightCounter_inst|D_ff:D_ff_inst[2]|nand0~0  ;    ;
; IntervalTimer:IntervalTimer_inst|TrafficLightCounter:TrafficLightCounter_inst|D_ff:D_ff_inst[2]|nand0~1  ;    ;
; IntervalTimer:IntervalTimer_inst|TrafficLightCounter:TrafficLightCounter_inst|D_ff:D_ff_inst[3]|nand0~0  ;    ;
; IntervalTimer:IntervalTimer_inst|TrafficLightCounter:TrafficLightCounter_inst|D_ff:D_ff_inst[3]|nand0~1  ;    ;
; IntervalTimer:IntervalTimer_inst|TrafficLightCounter:TrafficLightCounter_inst|D_ff:D_ff_inst[4]|nand0~0  ;    ;
; IntervalTimer:IntervalTimer_inst|TrafficLightCounter:TrafficLightCounter_inst|D_ff:D_ff_inst[4]|nand0~1  ;    ;
; IntervalTimer:IntervalTimer_inst|TrafficLightCounter:TrafficLightCounter_inst|D_ff:D_ff_inst[5]|nand0~0  ;    ;
; IntervalTimer:IntervalTimer_inst|TrafficLightCounter:TrafficLightCounter_inst|D_ff:D_ff_inst[5]|nand0~1  ;    ;
; IntervalTimer:IntervalTimer_inst|TrafficLightCounter:TrafficLightCounter_inst|D_ff:D_ff_inst[6]|nand0~0  ;    ;
; IntervalTimer:IntervalTimer_inst|TrafficLightCounter:TrafficLightCounter_inst|D_ff:D_ff_inst[6]|nand0~1  ;    ;
; IntervalTimer:IntervalTimer_inst|TrafficLightCounter:TrafficLightCounter_inst|D_ff:D_ff_inst[7]|nand0~0  ;    ;
; IntervalTimer:IntervalTimer_inst|TrafficLightCounter:TrafficLightCounter_inst|D_ff:D_ff_inst[7]|nand0~1  ;    ;
; IntervalTimer:IntervalTimer_inst|TrafficLightCounter:TrafficLightCounter_inst|D_ff:D_ff_inst[8]|nand0~0  ;    ;
; IntervalTimer:IntervalTimer_inst|TrafficLightCounter:TrafficLightCounter_inst|D_ff:D_ff_inst[8]|nand0~1  ;    ;
; IntervalTimer:IntervalTimer_inst|TrafficLightCounter:TrafficLightCounter_inst|D_ff:D_ff_inst[9]|nand0~0  ;    ;
; IntervalTimer:IntervalTimer_inst|TrafficLightCounter:TrafficLightCounter_inst|D_ff:D_ff_inst[9]|nand0~1  ;    ;
; IntervalTimer:IntervalTimer_inst|TrafficLightCounter:TrafficLightCounter_inst|D_ff:D_ff_inst[10]|nand0~0 ;    ;
; IntervalTimer:IntervalTimer_inst|TrafficLightCounter:TrafficLightCounter_inst|D_ff:D_ff_inst[10]|nand0~1 ;    ;
; Number of logic cells representing combinational loops                                                   ; 33 ;
+----------------------------------------------------------------------------------------------------------+----+
Note: All cells listed above may not be present at the end of synthesis due to various synthesis optimizations.


+---------------------------------------------------------------+
; Registers Removed During Synthesis                            ;
+------------------------------------------+--------------------+
; Register name                            ; Reason for Removal ;
+------------------------------------------+--------------------+
; state~4                                  ; Lost fanout        ;
; state~5                                  ; Lost fanout        ;
; IntervalTimer:IntervalTimer_inst|state~4 ; Lost fanout        ;
; IntervalTimer:IntervalTimer_inst|state~5 ; Lost fanout        ;
; Total Number of Removed Registers = 4    ;                    ;
+------------------------------------------+--------------------+


+------------------------------------------------------+
; General Register Statistics                          ;
+----------------------------------------------+-------+
; Statistic                                    ; Value ;
+----------------------------------------------+-------+
; Total registers                              ; 10    ;
; Number of registers using Synchronous Clear  ; 0     ;
; Number of registers using Synchronous Load   ; 0     ;
; Number of registers using Asynchronous Clear ; 10    ;
; Number of registers using Asynchronous Load  ; 0     ;
; Number of registers using Clock Enable       ; 3     ;
; Number of registers using Preset             ; 0     ;
+----------------------------------------------+-------+


+-------------------------------------------------------------------------------+
; Parameter Settings for User Entity Instance: Top-level Entity: |traffic_light ;
+----------------+-------+------------------------------------------------------+
; Parameter Name ; Value ; Type                                                 ;
+----------------+-------+------------------------------------------------------+
; N              ; 11    ; Signed Integer                                       ;
; EVEN           ; 0     ; Signed Integer                                       ;
; ODD            ; 1     ; Signed Integer                                       ;
; S0             ; 00    ; Unsigned Binary                                      ;
; S1             ; 01    ; Unsigned Binary                                      ;
; S2             ; 10    ; Unsigned Binary                                      ;
; S3             ; 11    ; Unsigned Binary                                      ;
+----------------+-------+------------------------------------------------------+
Note: In order to hide this table in the UI and the text report file, please set the "Show Parameter Settings in Synthesis Report" option in "Analysis and Synthesis Settings -> More Settings" to "Off".


+-------------------------------------------------------------------------------+
; Parameter Settings for User Entity Instance: IntervalTimer:IntervalTimer_inst ;
+----------------+-------+------------------------------------------------------+
; Parameter Name ; Value ; Type                                                 ;
+----------------+-------+------------------------------------------------------+
; S0             ; 000   ; Unsigned Binary                                      ;
; S1             ; 001   ; Unsigned Binary                                      ;
; S2             ; 010   ; Unsigned Binary                                      ;
; S3             ; 011   ; Unsigned Binary                                      ;
; S4             ; 100   ; Unsigned Binary                                      ;
; N              ; 11    ; Signed Integer                                       ;
+----------------+-------+------------------------------------------------------+
Note: In order to hide this table in the UI and the text report file, please set the "Show Parameter Settings in Synthesis Report" option in "Analysis and Synthesis Settings -> More Settings" to "Off".


+----------------------------------------------------------------------------------------------------------------------------+
; Parameter Settings for User Entity Instance: IntervalTimer:IntervalTimer_inst|TrafficLightCounter:TrafficLightCounter_inst ;
+----------------+-------+---------------------------------------------------------------------------------------------------+
; Parameter Name ; Value ; Type                                                                                              ;
+----------------+-------+---------------------------------------------------------------------------------------------------+
; N              ; 11    ; Signed Integer                                                                                    ;
+----------------+-------+---------------------------------------------------------------------------------------------------+
Note: In order to hide this table in the UI and the text report file, please set the "Show Parameter Settings in Synthesis Report" option in "Analysis and Synthesis Settings -> More Settings" to "Off".


+----------------------------------------------------------------------------------------------------------------------------+
; Port Connectivity Checks: "IntervalTimer:IntervalTimer_inst|TrafficLightCounter:TrafficLightCounter_inst|HAS:HAS_inst[10]" ;
+-----------+--------+----------+--------------------------------------------------------------------------------------------+
; Port      ; Type   ; Severity ; Details                                                                                    ;
+-----------+--------+----------+--------------------------------------------------------------------------------------------+
; carry_bit ; Output ; Info     ; Connected to dangling logic. Logic that only feeds a dangling port will be removed.        ;
+-----------+--------+----------+--------------------------------------------------------------------------------------------+


+-----------------------------------------------------------------------------------------------------------+
; Port Connectivity Checks: "IntervalTimer:IntervalTimer_inst|TrafficLightCounter:TrafficLightCounter_inst" ;
+------+-------+----------+---------------------------------------------------------------------------------+
; Port ; Type  ; Severity ; Details                                                                         ;
+------+-------+----------+---------------------------------------------------------------------------------+
; En   ; Input ; Info     ; Stuck at VCC                                                                    ;
; D    ; Input ; Info     ; Stuck at VCC                                                                    ;
+------+-------+----------+---------------------------------------------------------------------------------+


+-----------------------------------------------------------------------------------+
; Port Connectivity Checks: "IntervalTimer:IntervalTimer_inst|TimeSrc:TimeSrc_inst" ;
+-----------+-------+----------+----------------------------------------------------+
; Port      ; Type  ; Severity ; Details                                            ;
+-----------+-------+----------+----------------------------------------------------+
; ts[10..2] ; Input ; Info     ; Stuck at GND                                       ;
; ts[1]     ; Input ; Info     ; Stuck at VCC                                       ;
; ts[0]     ; Input ; Info     ; Stuck at GND                                       ;
; tl[3..0]  ; Input ; Info     ; Stuck at VCC                                       ;
; tl[10..4] ; Input ; Info     ; Stuck at GND                                       ;
+-----------+-------+----------+----------------------------------------------------+


+-----------------------------------------------------+
; Post-Synthesis Netlist Statistics for Top Partition ;
+-----------------------+-----------------------------+
; Type                  ; Count                       ;
+-----------------------+-----------------------------+
; arriav_ff             ; 10                          ;
;     CLR               ; 7                           ;
;     ENA CLR           ; 3                           ;
; arriav_lcell_comb     ; 78                          ;
;     normal            ; 78                          ;
;         1 data inputs ; 14                          ;
;         2 data inputs ; 4                           ;
;         3 data inputs ; 24                          ;
;         4 data inputs ; 14                          ;
;         5 data inputs ; 17                          ;
;         6 data inputs ; 5                           ;
; boundary_port         ; 24                          ;
;                       ;                             ;
; Max LUT depth         ; 3.00                        ;
; Average LUT depth     ; 1.79                        ;
+-----------------------+-----------------------------+


+-------------------------------+
; Elapsed Time Per Partition    ;
+----------------+--------------+
; Partition Name ; Elapsed Time ;
+----------------+--------------+
; Top            ; 00:00:00     ;
+----------------+--------------+


+-------------------------------+
; Analysis & Synthesis Messages ;
+-------------------------------+
Info: *******************************************************************
Info: Running Quartus Prime Analysis & Synthesis
    Info: Version 18.1.0 Build 625 09/12/2018 SJ Standard Edition
    Info: Processing started: Fri Jul 23 20:16:57 2021
Info: Command: quartus_map --read_settings_files=on --write_settings_files=off traffic_light -c traffic_light
Warning (18236): Number of processors has not been specified which may cause overloading on shared machines.  Set the global assignment NUM_PARALLEL_PROCESSORS in your QSF to an appropriate value for best performance.
Info (20030): Parallel compilation is enabled and will use 12 of the 12 processors detected
Info (12021): Found 1 design units, including 1 entities, in source file /home/datnt/DATA/Traffic_Light_verilog/src/TrafficLightCounter.v
    Info (12023): Found entity 1: TrafficLightCounter File: /home/datnt/DATA/Traffic_Light_verilog/src/TrafficLightCounter.v Line: 8
Info (12021): Found 1 design units, including 1 entities, in source file /home/datnt/DATA/Traffic_Light_verilog/src/traffic_light.v
    Info (12023): Found entity 1: traffic_light File: /home/datnt/DATA/Traffic_Light_verilog/src/traffic_light.v Line: 1
Info (12021): Found 1 design units, including 1 entities, in source file /home/datnt/DATA/Traffic_Light_verilog/src/TimeSrc.v
    Info (12023): Found entity 1: TimeSrc File: /home/datnt/DATA/Traffic_Light_verilog/src/TimeSrc.v Line: 1
Info (12021): Found 1 design units, including 1 entities, in source file /home/datnt/DATA/Traffic_Light_verilog/src/mux2_1.v
    Info (12023): Found entity 1: mux2_1 File: /home/datnt/DATA/Traffic_Light_verilog/src/mux2_1.v Line: 5
Info (12021): Found 1 design units, including 1 entities, in source file /home/datnt/DATA/Traffic_Light_verilog/src/IntervalTimer.v
    Info (12023): Found entity 1: IntervalTimer File: /home/datnt/DATA/Traffic_Light_verilog/src/IntervalTimer.v Line: 1
Info (12021): Found 1 design units, including 1 entities, in source file /home/datnt/DATA/Traffic_Light_verilog/src/HAS.v
    Info (12023): Found entity 1: HAS File: /home/datnt/DATA/Traffic_Light_verilog/src/HAS.v Line: 4
Info (12021): Found 1 design units, including 1 entities, in source file /home/datnt/DATA/Traffic_Light_verilog/src/D_ff.v
    Info (12023): Found entity 1: D_ff File: /home/datnt/DATA/Traffic_Light_verilog/src/D_ff.v Line: 1
Info (12021): Found 1 design units, including 1 entities, in source file /home/datnt/DATA/Traffic_Light_verilog/src/CounterWithParallelLoad.v
    Info (12023): Found entity 1: CounterWithParallelLoad File: /home/datnt/DATA/Traffic_Light_verilog/src/CounterWithParallelLoad.v Line: 8
Info (12127): Elaborating entity "traffic_light" for the top level hierarchy
Info (12128): Elaborating entity "IntervalTimer" for hierarchy "IntervalTimer:IntervalTimer_inst" File: /home/datnt/DATA/Traffic_Light_verilog/src/traffic_light.v Line: 24
Info (12128): Elaborating entity "TimeSrc" for hierarchy "IntervalTimer:IntervalTimer_inst|TimeSrc:TimeSrc_inst" File: /home/datnt/DATA/Traffic_Light_verilog/src/IntervalTimer.v Line: 105
Info (12128): Elaborating entity "TrafficLightCounter" for hierarchy "IntervalTimer:IntervalTimer_inst|TrafficLightCounter:TrafficLightCounter_inst" File: /home/datnt/DATA/Traffic_Light_verilog/src/IntervalTimer.v Line: 110
Info (12128): Elaborating entity "HAS" for hierarchy "IntervalTimer:IntervalTimer_inst|TrafficLightCounter:TrafficLightCounter_inst|HAS:HAS_inst[0]" File: /home/datnt/DATA/Traffic_Light_verilog/src/TrafficLightCounter.v Line: 18
Info (12128): Elaborating entity "mux2_1" for hierarchy "IntervalTimer:IntervalTimer_inst|TrafficLightCounter:TrafficLightCounter_inst|mux2_1:mux_inst[0]" File: /home/datnt/DATA/Traffic_Light_verilog/src/TrafficLightCounter.v Line: 22
Info (12128): Elaborating entity "D_ff" for hierarchy "IntervalTimer:IntervalTimer_inst|TrafficLightCounter:TrafficLightCounter_inst|D_ff:D_ff_inst[0]" File: /home/datnt/DATA/Traffic_Light_verilog/src/TrafficLightCounter.v Line: 25
Info (286030): Timing-Driven Synthesis is running
Info (17049): 4 registers lost all their fanouts during netlist optimizations.
Info (16010): Generating hard_block partition "hard_block:auto_generated_inst"
    Info (16011): Adding 0 node(s), including 0 DDIO, 0 PLL, 0 transceiver and 0 LCELL
Info (21057): Implemented 91 device resources after synthesis - the final resource count might be different
    Info (21058): Implemented 3 input pins
    Info (21059): Implemented 21 output pins
    Info (21061): Implemented 67 logic cells
Info: Quartus Prime Analysis & Synthesis was successful. 0 errors, 1 warning
    Info: Peak virtual memory: 1062 megabytes
    Info: Processing ended: Fri Jul 23 20:17:04 2021
    Info: Elapsed time: 00:00:07
    Info: Total CPU time (on all processors): 00:00:16


